<?xml version="1.0" encoding="UTF-8"?>
<!-- Generated by org.testng.reporters.JUnitXMLReporter -->
<testsuite ignored="0" hostname="DESKTOP-1I0CLT9" failures="0" tests="4" name="all-tests" time="0.044" errors="0" timestamp="2021-04-05T18:28:08 ICT">
  <testcase classname="lap5.lap5_1.demo2" name="testcase3" time="0.006"/>
  <testcase classname="lap5.lap5_1.demo2" name="testcase4" time="0.001"/>
  <testcase classname="lap5.lap5_1.demoOne" name="testcase1" time="0.002"/>
  <testcase classname="lap5.lap5_1.demoOne" name="testcase2" time="0.002"/>
</testsuite> <!-- all-tests -->
